This is pdfTeX, Version 3.141592653-2.6-1.40.25 (MiKTeX 23.4) (preloaded format=pdflatex 2023.9.18)  8 MAR 2024 20:21
entering extended mode
 restricted \write18 enabled.
 %&-line parsing enabled.
**./proyecto.tex
(proyecto.tex
LaTeX2e <2022-11-01> patch level 1
L3 programming layer <2023-03-30>
(C:\Users\Troll\AppData\Local\Programs\MiKTeX\tex/latex/base\book.cls
Document Class: book 2022/07/02 v1.4n Standard LaTeX document class
(C:\Users\Troll\AppData\Local\Programs\MiKTeX\tex/latex/base\bk11.clo
File: bk11.clo 2022/07/02 v1.4n Standard LaTeX file (size option)
)
\c@part=\count185
\c@chapter=\count186
\c@section=\count187
\c@subsection=\count188
\c@subsubsection=\count189
\c@paragraph=\count190
\c@subparagraph=\count191
\c@figure=\count192
\c@table=\count193
\abovecaptionskip=\skip48
\belowcaptionskip=\skip49
\bibindent=\dimen140
)
(C:\Users\Troll\AppData\Local\Programs\MiKTeX\tex/latex/listings\listings.sty
(C:\Users\Troll\AppData\Local\Programs\MiKTeX\tex/latex/graphics\keyval.sty
Package: keyval 2022/05/29 v1.15 key=value parser (DPC)
\KV@toks@=\toks16
)
\lst@mode=\count194
\lst@gtempboxa=\box51
\lst@token=\toks17
\lst@length=\count195
\lst@currlwidth=\dimen141
\lst@column=\count196
\lst@pos=\count197
\lst@lostspace=\dimen142
\lst@width=\dimen143
\lst@newlines=\count198
\lst@lineno=\count199
\lst@maxwidth=\dimen144

(C:\Users\Troll\AppData\Local\Programs\MiKTeX\tex/latex/listings\lstmisc.sty
File: lstmisc.sty 2023/02/27 1.9 (Carsten Heinz)
\c@lstnumber=\count266
\lst@skipnumbers=\count267
\lst@framebox=\box52
)
(C:\Users\Troll\AppData\Local\Programs\MiKTeX\tex/latex/listings\listings.cfg
File: listings.cfg 2023/02/27 1.9 listings configuration
))
Package: listings 2023/02/27 1.9 (Carsten Heinz)
(C:\Users\Troll\AppData\Local\Programs\MiKTeX\tex/latex/base\inputenc.sty
Package: inputenc 2021/02/14 v1.3d Input encoding file
\inpenc@prehook=\toks18
\inpenc@posthook=\toks19
)
(C:\Users\Troll\AppData\Local\Programs\MiKTeX\tex/generic/babel\babel.sty
Package: babel 2023/03/28 3.87 The Babel package
\babel@savecnt=\count268
\U@D=\dimen145
\l@unhyphenated=\language79

(C:\Users\Troll\AppData\Local\Programs\MiKTeX\tex/generic/babel\txtbabel.def)
\bbl@readstream=\read2
\bbl@dirlevel=\count269

*************************************
* Local config file bblopts.cfg used
*
(C:\Users\Troll\AppData\Local\Programs\MiKTeX\tex/latex/arabi\bblopts.cfg
File: bblopts.cfg 2005/09/08 v0.1 add Arabic and Farsi to "declared" options of
 babel
)
(C:\Users\Troll\AppData\Local\Programs\MiKTeX\tex/latex/babel-spanish\spanish.l
df
Language: spanish.ldf 2021/05/27 v5.0q Spanish support from the babel system
\es@quottoks=\toks20
\es@quotdepth=\count270
Package babel Info: Making " an active character on input line 570.
Package babel Info: Making . an active character on input line 675.
Package babel Info: Making < an active character on input line 722.
Package babel Info: Making > an active character on input line 722.
))
(C:\Users\Troll\AppData\Local\Programs\MiKTeX\tex/generic/babel/locale/es\babel
-spanish.tex
Package babel Info: Importing font and identification data for spanish
(babel)             from babel-es.ini. Reported on input line 11.
)
(C:\Users\Troll\AppData\Local\Programs\MiKTeX\tex/latex/float\float.sty
Package: float 2001/11/08 v1.3d Float enhancements (AL)
\c@float@type=\count271
\float@exts=\toks21
\float@box=\box53
\@float@everytoks=\toks22
\@floatcapt=\box54
)
(C:\Users\Troll\AppData\Local\Programs\MiKTeX\tex/latex/tools\dcolumn.sty
Package: dcolumn 2014/10/28 v1.06 decimal alignment package (DPC)

(C:\Users\Troll\AppData\Local\Programs\MiKTeX\tex/latex/tools\array.sty
Package: array 2022/09/04 v2.5g Tabular extension package (FMi)
\col@sep=\dimen146
\ar@mcellbox=\box55
\extrarowheight=\dimen147
\NC@list=\toks23
\extratabsurround=\skip50
\backup@length=\skip51
\ar@cellbox=\box56
))
(C:\Users\Troll\AppData\Local\Programs\MiKTeX\tex/latex/amsmath\amsmath.sty
Package: amsmath 2022/04/08 v2.17n AMS math features
\@mathmargin=\skip52

For additional information on amsmath, use the `?' option.
(C:\Users\Troll\AppData\Local\Programs\MiKTeX\tex/latex/amsmath\amstext.sty
Package: amstext 2021/08/26 v2.01 AMS text

(C:\Users\Troll\AppData\Local\Programs\MiKTeX\tex/latex/amsmath\amsgen.sty
File: amsgen.sty 1999/11/30 v2.0 generic functions
\@emptytoks=\toks24
\ex@=\dimen148
))
(C:\Users\Troll\AppData\Local\Programs\MiKTeX\tex/latex/amsmath\amsbsy.sty
Package: amsbsy 1999/11/29 v1.2d Bold Symbols
\pmbraise@=\dimen149
)
(C:\Users\Troll\AppData\Local\Programs\MiKTeX\tex/latex/amsmath\amsopn.sty
Package: amsopn 2022/04/08 v2.04 operator names
)
\inf@bad=\count272
LaTeX Info: Redefining \frac on input line 234.
\uproot@=\count273
\leftroot@=\count274
LaTeX Info: Redefining \overline on input line 399.
LaTeX Info: Redefining \colon on input line 410.
\classnum@=\count275
\DOTSCASE@=\count276
LaTeX Info: Redefining \ldots on input line 496.
LaTeX Info: Redefining \dots on input line 499.
LaTeX Info: Redefining \cdots on input line 620.
\Mathstrutbox@=\box57
\strutbox@=\box58
LaTeX Info: Redefining \big on input line 722.
LaTeX Info: Redefining \Big on input line 723.
LaTeX Info: Redefining \bigg on input line 724.
LaTeX Info: Redefining \Bigg on input line 725.
\big@size=\dimen150
LaTeX Font Info:    Redeclaring font encoding OML on input line 743.
LaTeX Font Info:    Redeclaring font encoding OMS on input line 744.
\macc@depth=\count277
LaTeX Info: Redefining \bmod on input line 905.
LaTeX Info: Redefining \pmod on input line 910.
LaTeX Info: Redefining \smash on input line 940.
LaTeX Info: Redefining \relbar on input line 970.
LaTeX Info: Redefining \Relbar on input line 971.
\c@MaxMatrixCols=\count278
\dotsspace@=\muskip16
\c@parentequation=\count279
\dspbrk@lvl=\count280
\tag@help=\toks25
\row@=\count281
\column@=\count282
\maxfields@=\count283
\andhelp@=\toks26
\eqnshift@=\dimen151
\alignsep@=\dimen152
\tagshift@=\dimen153
\tagwidth@=\dimen154
\totwidth@=\dimen155
\lineht@=\dimen156
\@envbody=\toks27
\multlinegap=\skip53
\multlinetaggap=\skip54
\mathdisplay@stack=\toks28
LaTeX Info: Redefining \[ on input line 2953.
LaTeX Info: Redefining \] on input line 2954.
)
(C:\Users\Troll\AppData\Local\Programs\MiKTeX\tex/latex/tools\verbatim.sty
Package: verbatim 2022-07-02 v1.5u LaTeX2e package for verbatim enhancements
\every@verbatim=\toks29
\verbatim@line=\toks30
\verbatim@in@stream=\read3
)
(C:\Users\Troll\AppData\Local\Programs\MiKTeX\tex/latex/fancyhdr\fancyhdr.sty
Package: fancyhdr 2022/11/09 v4.1 Extensive control of page headers and footers

\f@nch@headwidth=\skip55
\f@nch@O@elh=\skip56
\f@nch@O@erh=\skip57
\f@nch@O@olh=\skip58
\f@nch@O@orh=\skip59
\f@nch@O@elf=\skip60
\f@nch@O@erf=\skip61
\f@nch@O@olf=\skip62
\f@nch@O@orf=\skip63
)
(C:\Users\Troll\AppData\Local\Programs\MiKTeX\tex/latex/graphics\graphicx.sty
Package: graphicx 2021/09/16 v1.2d Enhanced LaTeX Graphics (DPC,SPQR)

(C:\Users\Troll\AppData\Local\Programs\MiKTeX\tex/latex/graphics\graphics.sty
Package: graphics 2022/03/10 v1.4e Standard LaTeX Graphics (DPC,SPQR)

(C:\Users\Troll\AppData\Local\Programs\MiKTeX\tex/latex/graphics\trig.sty
Package: trig 2021/08/11 v1.11 sin cos tan (DPC)
)
(C:\Users\Troll\AppData\Local\Programs\MiKTeX\tex/latex/graphics-cfg\graphics.c
fg
File: graphics.cfg 2016/06/04 v1.11 sample graphics configuration
)
Package graphics Info: Driver file: pdftex.def on input line 107.

(C:\Users\Troll\AppData\Local\Programs\MiKTeX\tex/latex/graphics-def\pdftex.def
File: pdftex.def 2022/09/22 v1.2b Graphics/color driver for pdftex
))
\Gin@req@height=\dimen157
\Gin@req@width=\dimen158
) (C:\Users\Troll\AppData\Local\Programs\MiKTeX\tex/latex/tools\afterpage.sty
Package: afterpage 2014/10/28 v1.08 After-Page Package (DPC)
\AP@output=\toks31
\AP@partial=\box59
\AP@footins=\box60
) (C:\Users\Troll\AppData\Local\Programs\MiKTeX\tex/latex/tools\longtable.sty
Package: longtable 2021-09-01 v4.17 Multi-page Table package (DPC)
\LTleft=\skip64
\LTright=\skip65
\LTpre=\skip66
\LTpost=\skip67
\LTchunksize=\count284
\LTcapwidth=\dimen159
\LT@head=\box61
\LT@firsthead=\box62
\LT@foot=\box63
\LT@lastfoot=\box64
\LT@gbox=\box65
\LT@cols=\count285
\LT@rows=\count286
\c@LT@tables=\count287
\c@LT@chunks=\count288
\LT@p@ftn=\toks32
)
(C:\Users\Troll\AppData\Local\Programs\MiKTeX\tex/latex/hyperref\hyperref.sty
Package: hyperref 2023-02-07 v7.00v Hypertext links for LaTeX

(C:\Users\Troll\AppData\Local\Programs\MiKTeX\tex/generic/ltxcmds\ltxcmds.sty
Package: ltxcmds 2020-05-10 v1.25 LaTeX kernel commands for general use (HO)
)
(C:\Users\Troll\AppData\Local\Programs\MiKTeX\tex/generic/iftex\iftex.sty
Package: iftex 2022/02/03 v1.0f TeX engine tests
)
(C:\Users\Troll\AppData\Local\Programs\MiKTeX\tex/generic/pdftexcmds\pdftexcmds
.sty
Package: pdftexcmds 2020-06-27 v0.33 Utility functions of pdfTeX for LuaTeX (HO
)

(C:\Users\Troll\AppData\Local\Programs\MiKTeX\tex/generic/infwarerr\infwarerr.s
ty
Package: infwarerr 2019/12/03 v1.5 Providing info/warning/error messages (HO)
)
Package pdftexcmds Info: \pdf@primitive is available.
Package pdftexcmds Info: \pdf@ifprimitive is available.
Package pdftexcmds Info: \pdfdraftmode found.
)
(C:\Users\Troll\AppData\Local\Programs\MiKTeX\tex/latex/kvsetkeys\kvsetkeys.sty
Package: kvsetkeys 2022-10-05 v1.19 Key value parser (HO)
)
(C:\Users\Troll\AppData\Local\Programs\MiKTeX\tex/generic/kvdefinekeys\kvdefine
keys.sty
Package: kvdefinekeys 2019-12-19 v1.6 Define keys (HO)
)
(C:\Users\Troll\AppData\Local\Programs\MiKTeX\tex/generic/pdfescape\pdfescape.s
ty
Package: pdfescape 2019/12/09 v1.15 Implements pdfTeX's escape features (HO)
) (C:\Users\Troll\AppData\Local\Programs\MiKTeX\tex/latex/hycolor\hycolor.sty
Package: hycolor 2020-01-27 v1.10 Color options for hyperref/bookmark (HO)
)
(C:\Users\Troll\AppData\Local\Programs\MiKTeX\tex/latex/letltxmacro\letltxmacro
.sty
Package: letltxmacro 2019/12/03 v1.6 Let assignment for LaTeX macros (HO)
)
(C:\Users\Troll\AppData\Local\Programs\MiKTeX\tex/latex/auxhook\auxhook.sty
Package: auxhook 2019-12-17 v1.6 Hooks for auxiliary files (HO)
)
(C:\Users\Troll\AppData\Local\Programs\MiKTeX\tex/latex/hyperref\nameref.sty
Package: nameref 2022-05-17 v2.50 Cross-referencing by name of section

(C:\Users\Troll\AppData\Local\Programs\MiKTeX\tex/latex/refcount\refcount.sty
Package: refcount 2019/12/15 v3.6 Data extraction from label references (HO)
)
(C:\Users\Troll\AppData\Local\Programs\MiKTeX\tex/generic/gettitlestring\gettit
lestring.sty
Package: gettitlestring 2019/12/15 v1.6 Cleanup title references (HO)

(C:\Users\Troll\AppData\Local\Programs\MiKTeX\tex/latex/kvoptions\kvoptions.sty
Package: kvoptions 2022-06-15 v3.15 Key value format for package options (HO)
))
\c@section@level=\count289
)
\@linkdim=\dimen160
\Hy@linkcounter=\count290
\Hy@pagecounter=\count291
 (C:\Users\Troll\AppData\Local\Programs\MiKTeX\tex/latex/hyperref\pd1enc.def
File: pd1enc.def 2023-02-07 v7.00v Hyperref: PDFDocEncoding definition (HO)
Now handling font encoding PD1 ...
... no UTF-8 mapping file for font encoding PD1
) (C:\Users\Troll\AppData\Local\Programs\MiKTeX\tex/generic/intcalc\intcalc.sty
Package: intcalc 2019/12/15 v1.3 Expandable calculations with integers (HO)
)
(C:\Users\Troll\AppData\Local\Programs\MiKTeX\tex/generic/etexcmds\etexcmds.sty
Package: etexcmds 2019/12/15 v1.7 Avoid name clashes with e-TeX commands (HO)
)
\Hy@SavedSpaceFactor=\count292
 (C:\Users\Troll\AppData\Local\Programs\MiKTeX\tex/latex/hyperref\puenc.def
File: puenc.def 2023-02-07 v7.00v Hyperref: PDF Unicode definition (HO)
Now handling font encoding PU ...
... no UTF-8 mapping file for font encoding PU
)

Package hyperref Warning: Invalid value `000'
(hyperref)                for option `pdfborder'.
(hyperref)                Option setting is ignored on input line 4060.

Package hyperref Info: Hyper figures OFF on input line 4177.
Package hyperref Info: Link nesting OFF on input line 4182.
Package hyperref Info: Hyper index ON on input line 4185.
Package hyperref Info: Plain pages OFF on input line 4192.
Package hyperref Info: Backreferencing OFF on input line 4197.
Package hyperref Info: Implicit mode ON; LaTeX internals redefined.
Package hyperref Info: Bookmarks ON on input line 4425.
\c@Hy@tempcnt=\count293
(C:\Users\Troll\AppData\Local\Programs\MiKTeX\tex/latex/url\url.sty
\Urlmuskip=\muskip17
Package: url 2013/09/16  ver 3.4  Verb mode for urls, etc.
)
LaTeX Info: Redefining \url on input line 4763.
\XeTeXLinkMargin=\dimen161

(C:\Users\Troll\AppData\Local\Programs\MiKTeX\tex/generic/bitset\bitset.sty
Package: bitset 2019/12/09 v1.3 Handle bit-vector datatype (HO)

(C:\Users\Troll\AppData\Local\Programs\MiKTeX\tex/generic/bigintcalc\bigintcalc
.sty
Package: bigintcalc 2019/12/15 v1.5 Expandable calculations on big integers (HO
)
))
\Fld@menulength=\count294
\Field@Width=\dimen162
\Fld@charsize=\dimen163
Package hyperref Info: Hyper figures OFF on input line 6042.
Package hyperref Info: Link nesting OFF on input line 6047.
Package hyperref Info: Hyper index ON on input line 6050.
Package hyperref Info: backreferencing OFF on input line 6057.
Package hyperref Info: Link coloring OFF on input line 6062.
Package hyperref Info: Link coloring with OCG OFF on input line 6067.
Package hyperref Info: PDF/A mode OFF on input line 6072.

(C:\Users\Troll\AppData\Local\Programs\MiKTeX\tex/latex/base\atbegshi-ltx.sty
Package: atbegshi-ltx 2021/01/10 v1.0c Emulation of the original atbegshi
package with kernel methods
)
\Hy@abspage=\count295
\c@Item=\count296
\c@Hfootnote=\count297
)
Package hyperref Info: Driver (autodetected): hpdftex.
(C:\Users\Troll\AppData\Local\Programs\MiKTeX\tex/latex/hyperref\hpdftex.def
File: hpdftex.def 2023-02-07 v7.00v Hyperref driver for pdfTeX

(C:\Users\Troll\AppData\Local\Programs\MiKTeX\tex/latex/base\atveryend-ltx.sty
Package: atveryend-ltx 2020/08/19 v1.0a Emulation of the original atveryend pac
kage
with kernel methods
)
\Fld@listcount=\count298
\c@bookmark@seq@number=\count299

(C:\Users\Troll\AppData\Local\Programs\MiKTeX\tex/latex/rerunfilecheck\rerunfil
echeck.sty
Package: rerunfilecheck 2022-07-10 v1.10 Rerun checks for auxiliary files (HO)

(C:\Users\Troll\AppData\Local\Programs\MiKTeX\tex/generic/uniquecounter\uniquec
ounter.sty
Package: uniquecounter 2019/12/15 v1.4 Provide unlimited unique counter (HO)
)
Package uniquecounter Info: New unique counter `rerunfilecheck' on input line 2
85.
)
\Hy@SectionHShift=\skip68
)

Package hyperref Warning: Token not allowed in a PDF string (Unicode):
(hyperref)                removing `subscript' on input line 57.


Package hyperref Warning: Token not allowed in a PDF string (Unicode):
(hyperref)                removing `subscript' on input line 57.


Package hyperref Warning: Token not allowed in a PDF string (Unicode):
(hyperref)                removing `subscript' on input line 57.

(C:\Users\Troll\AppData\Local\Programs\MiKTeX\tex/latex/colortbl\colortbl.sty
Package: colortbl 2022/06/20 v1.0f Color table columns (DPC)

(C:\Users\Troll\AppData\Local\Programs\MiKTeX\tex/latex/graphics\color.sty
Package: color 2022/01/06 v1.3d Standard LaTeX Color (DPC)

(C:\Users\Troll\AppData\Local\Programs\MiKTeX\tex/latex/graphics-cfg\color.cfg
File: color.cfg 2016/01/02 v1.6 sample color configuration
)
Package color Info: Driver file: pdftex.def on input line 149.
(C:\Users\Troll\AppData\Local\Programs\MiKTeX\tex/latex/graphics\mathcolor.ltx)
)
\everycr=\toks33
\minrowclearance=\skip69
\rownum=\count300
)
(C:\Users\Troll\AppData\Local\Programs\MiKTeX\tex/latex/footmisc\footmisc.sty
Package: footmisc 2023/07/05 v6.0f a miscellany of footnote facilities
\FN@temptoken=\toks34
\footnotemargin=\dimen164
\@outputbox@depth=\dimen165
Package footmisc Info: Declaring symbol style bringhurst on input line 696.
Package footmisc Info: Declaring symbol style chicago on input line 704.
Package footmisc Info: Declaring symbol style wiley on input line 713.
Package footmisc Info: Declaring symbol style lamport-robust on input line 724.

Package footmisc Info: Declaring symbol style lamport* on input line 744.
Package footmisc Info: Declaring symbol style lamport*-robust on input line 765
.
)
\c@teorema=\count301
\c@ejemplo=\count302
\c@definicion=\count303

(C:\Users\Troll\AppData\Local\Programs\MiKTeX\tex/latex/pdfpages\pdfpages.sty
Package: pdfpages 2024/01/21 v0.5y Insert pages of external PDF documents (AM)

(C:\Users\Troll\AppData\Local\Programs\MiKTeX\tex/latex/base\ifthen.sty
Package: ifthen 2022/04/13 v1.1d Standard LaTeX ifthen package (DPC)
)
(C:\Users\Troll\AppData\Local\Programs\MiKTeX\tex/latex/tools\calc.sty
Package: calc 2017/05/25 v4.3 Infix arithmetic (KKT,FJ)
\calc@Acount=\count304
\calc@Bcount=\count305
\calc@Adimen=\dimen166
\calc@Bdimen=\dimen167
\calc@Askip=\skip70
\calc@Bskip=\skip71
LaTeX Info: Redefining \setlength on input line 80.
LaTeX Info: Redefining \addtolength on input line 81.
\calc@Ccount=\count306
\calc@Cskip=\skip72
)
(C:\Users\Troll\AppData\Local\Programs\MiKTeX\tex/latex/eso-pic\eso-pic.sty
Package: eso-pic 2023/05/03 v3.0c eso-pic (RN)
\ESO@tempdima=\dimen168
\ESO@tempdimb=\dimen169
)
\AM@pagewidth=\dimen170
\AM@pageheight=\dimen171
\AM@fboxrule=\dimen172

(C:\Users\Troll\AppData\Local\Programs\MiKTeX\tex/latex/pdfpages\pppdftex.def
File: pppdftex.def 2024/01/21 v0.5y Pdfpages driver for pdfTeX (AM)
)
\pdfpages@includegraphics@status=\count307
\AM@pagebox=\box66
\AM@global@opts=\toks35
\AM@pagecnt=\count308
\AM@toc@title=\toks36
\AM@lof@heading=\toks37
\c@AM@survey=\count309
\AM@templatesizebox=\box67
)
(C:\Users\Troll\AppData\Local\Programs\MiKTeX\tex/latex/l3backend\l3backend-pdf
tex.def
File: l3backend-pdftex.def 2023-03-30 L3 backend support: PDF output (pdfTeX)
\l__color_backend_stack_int=\count310
\l__pdf_internal_box=\box68
) (proyecto.aux
LaTeX Info: Redefining \. on input line 22.
LaTeX Info: Redefining \% on input line 22.
)
\openout1 = `proyecto.aux'.

LaTeX Font Info:    Checking defaults for OML/cmm/m/it on input line 174.
LaTeX Font Info:    ... okay on input line 174.
LaTeX Font Info:    Checking defaults for OMS/cmsy/m/n on input line 174.
LaTeX Font Info:    ... okay on input line 174.
LaTeX Font Info:    Checking defaults for OT1/cmr/m/n on input line 174.
LaTeX Font Info:    ... okay on input line 174.
LaTeX Font Info:    Checking defaults for T1/cmr/m/n on input line 174.
LaTeX Font Info:    ... okay on input line 174.
LaTeX Font Info:    Checking defaults for TS1/cmr/m/n on input line 174.
LaTeX Font Info:    ... okay on input line 174.
LaTeX Font Info:    Checking defaults for OMX/cmex/m/n on input line 174.
LaTeX Font Info:    ... okay on input line 174.
LaTeX Font Info:    Checking defaults for U/cmr/m/n on input line 174.
LaTeX Font Info:    ... okay on input line 174.
LaTeX Font Info:    Checking defaults for PD1/pdf/m/n on input line 174.
LaTeX Font Info:    ... okay on input line 174.
LaTeX Font Info:    Checking defaults for PU/pdf/m/n on input line 174.
LaTeX Font Info:    ... okay on input line 174.
\c@lstlisting=\count311
LaTeX Info: Redefining \. on input line 174.
LaTeX Info: Redefining \% on input line 174.

(C:\Users\Troll\AppData\Local\Programs\MiKTeX\tex/context/base/mkii\supp-pdf.mk
ii
[Loading MPS to PDF converter (version 2006.09.02).]
\scratchcounter=\count312
\scratchdimen=\dimen173
\scratchbox=\box69
\nofMPsegments=\count313
\nofMParguments=\count314
\everyMPshowfont=\toks38
\MPscratchCnt=\count315
\MPscratchDim=\dimen174
\MPnumerator=\count316
\makeMPintoPDFobject=\count317
\everyMPtoPDFconversion=\toks39
)
(C:\Users\Troll\AppData\Local\Programs\MiKTeX\tex/latex/epstopdf-pkg\epstopdf-b
ase.sty
Package: epstopdf-base 2020-01-24 v2.11 Base part for package epstopdf
Package epstopdf-base Info: Redefining graphics rule for `.eps' on input line 4
85.

(C:\Users\Troll\AppData\Local\Programs\MiKTeX\tex/latex/00miktex\epstopdf-sys.c
fg
File: epstopdf-sys.cfg 2021/03/18 v2.0 Configuration of epstopdf for MiKTeX
))
Package hyperref Info: Link coloring OFF on input line 174.
 (proyecto.out) (proyecto.out)
\@outlinefile=\write3
\openout3 = `proyecto.out'.


(C:\Users\Troll\AppData\Local\Programs\MiKTeX\tex/latex/pdflscape\pdflscape.sty
Package: pdflscape 2022-10-27 v0.13 Display of landscape pages in PDF

(C:\Users\Troll\AppData\Local\Programs\MiKTeX\tex/latex/pdflscape\pdflscape-nom
etadata.sty
Package: pdflscape-nometadata 2022-10-28 v0.13 Display of landscape pages in PD
F (HO)

(C:\Users\Troll\AppData\Local\Programs\MiKTeX\tex/latex/graphics\lscape.sty
Package: lscape 2020/05/28 v3.02 Landscape Pages (DPC)
)
Package pdflscape Info: Auto-detected driver: pdftex on input line 81.
))
(portada/portada.tex
\centeroffset=\skip73
<imagenes/logo_ugr.jpg, id=147, 777.90625pt x 231.86626pt>
File: imagenes/logo_ugr.jpg Graphic file (type jpg)
<use imagenes/logo_ugr.jpg>
Package pdftex.def Info: imagenes/logo_ugr.jpg  used on input line 12.
(pdftex.def)             Requested size: 323.9978pt x 96.57295pt.

Overfull \hbox (24.0pt too wide) in paragraph at lines 9--23
| $[]$ 
 []

<imagenes/etsiit_logo.png, id=148, 110.814pt x 40.4712pt>
File: imagenes/etsiit_logo.png Graphic file (type png)
<use imagenes/etsiit_logo.png>
Package pdftex.def Info: imagenes/etsiit_logo.png  used on input line 31.
(pdftex.def)             Requested size: 108.0011pt x 39.44412pt.

Overfull \hbox (24.0pt too wide) in paragraph at lines 25--38
| $[]$ 
 []

[1


{C:/Users/Troll/AppData/Local/MiKTeX/fonts/map/pdftex/pdftex.map} <./imagenes/l
ogo_ugr.jpg> <./imagenes/etsiit_logo.png>]) (prefacios/prefacio.tex [2

]
(portada/portada_2.tex [3] [4

]
<imagenes/logo.png, id=173, 123.46124pt x 45.92157pt>
File: imagenes/logo.png Graphic file (type png)
<use imagenes/logo.png>
Package pdftex.def Info: imagenes/logo.png  used on input line 21.
(pdftex.def)             Requested size: 123.46092pt x 45.92145pt.

Overfull \hbox (24.0pt too wide) in paragraph at lines 8--30
| $[]$ 
 []


Overfull \hbox (24.0pt too wide) in paragraph at lines 32--45
| $[]$
 []


pdfTeX warning (ext4): destination with the same identifier (name{page.1}) has 
been already used, duplicate ignored
<to be read again> 
                   \relax 
l.47 \end{titlepage}
                     [1 <./imagenes/logo.png>])
pdfTeX warning (ext4): destination with the same identifier (name{page.2}) has 
been already used, duplicate ignored
<to be read again> 
                   \relax 
l.11 \cleardoublepage
                      [2

]
Underfull \hbox (badness 10000) in paragraph at lines 22--23

 []


Underfull \hbox (badness 10000) in paragraph at lines 25--26

 []


pdfTeX warning (ext4): destination with the same identifier (name{page.3}) has 
been already used, duplicate ignored
<to be read again> 
                   \relax 
l.28 \cleardoublepage
                      [3]
pdfTeX warning (ext4): destination with the same identifier (name{page.4}) has 
been already used, duplicate ignored
<to be read again> 
                   \relax 
l.28 \cleardoublepage
                      [4

]
Underfull \hbox (badness 10000) in paragraph at lines 42--43

 []


Underfull \hbox (badness 10000) in paragraph at lines 45--46

 []

[5] [6

]
Underfull \hbox (badness 10000) in paragraph at lines 52--53

 []

[7] [8

]
Underfull \hbox (badness 10000) in paragraph at lines 73--74

 []

[9] [10

]) [11] [12

] (proyecto.toc
LaTeX Info: Redefining \. on input line 1.
LaTeX Info: Redefining \% on input line 1.
 [1

])
\tf@toc=\write4
\openout4 = `proyecto.toc'.



LaTeX Font Warning: Font shape `OT1/cmr/bx/sc' undefined
(Font)              using `OT1/cmr/bx/n' instead on input line 179.


Package spanish Warning: Replacing `OT1/cmr/bx/sc' by 
(spanish)                faked small caps on input line 179.

LaTeX Info: Redefining \. on input line 179.
LaTeX Info: Redefining \% on input line 179.
[2] (proyecto.lof
LaTeX Info: Redefining \. on input line 1.
LaTeX Info: Redefining \% on input line 1.
)
\tf@lof=\write5
\openout5 = `proyecto.lof'.

 [3

]

Package spanish Warning: Replacing `OT1/cmr/bx/sc' by 
(spanish)                faked small caps on input line 180.

LaTeX Info: Redefining \. on input line 180.
LaTeX Info: Redefining \% on input line 180.
[4] (proyecto.lot
LaTeX Info: Redefining \. on input line 1.
LaTeX Info: Redefining \% on input line 1.
)
\tf@lot=\write6
\openout6 = `proyecto.lot'.

 [5

] [6

] (capitulos/01_Introduccion.tex
Cap\'{\i }tulo 1.
) (capitulos/02_Conceptos_Previos.tex
pdfTeX warning (ext4): destination with the same identifier (name{page.1}) has 
been already used, duplicate ignored
<to be read again> 
                   \relax 
l.1 \chapter
            {Conceptos previos} [1

]
pdfTeX warning (ext4): destination with the same identifier (name{page.2}) has 
been already used, duplicate ignored
<to be read again> 
                   \relax 
l.1 \chapter
            {Conceptos previos} [2

]
Cap\'{\i }tulo 2.
LaTeX Font Info:    Trying to load font information for OML+cmr on input line 7
.
(C:\Users\Troll\AppData\Local\Programs\MiKTeX\tex/latex/base\omlcmr.fd
File: omlcmr.fd 2022/07/10 v2.5l Standard LaTeX font definitions
)
LaTeX Font Info:    Font shape `OML/cmr/m/n' in size <10.95> not available
(Font)              Font shape `OML/cmm/m/it' tried instead on input line 7.
LaTeX Font Info:    Trying to load font information for OMS+cmr on input line 1
2.

(C:\Users\Troll\AppData\Local\Programs\MiKTeX\tex/latex/base\omscmr.fd
File: omscmr.fd 2022/07/10 v2.5l Standard LaTeX font definitions
)
LaTeX Font Info:    Font shape `OMS/cmr/m/n' in size <10.95> not available
(Font)              Font shape `OMS/cmsy/m/n' tried instead on input line 12.

pdfTeX warning (ext4): destination with the same identifier (name{page.3}) has 
been already used, duplicate ignored
<to be read again> 
                   \relax 
l.18 
      [3]
<imagenes/neurona.jpg, id=381, 662.475pt x 442.65375pt>
File: imagenes/neurona.jpg Graphic file (type jpg)
<use imagenes/neurona.jpg>
Package pdftex.def Info: imagenes/neurona.jpg  used on input line 45.
(pdftex.def)             Requested size: 231.86972pt x 154.93112pt.

Underfull \vbox (badness 10000) has occurred while \output is active []

LaTeX Info: Redefining \. on input line 49.
LaTeX Info: Redefining \% on input line 49.

pdfTeX warning (ext4): destination with the same identifier (name{page.4}) has 
been already used, duplicate ignored
<to be read again> 
                   \relax 
l.49 
      [4]
<imagenes/capa_neuronas.jpg, id=385, 689.57625pt x 542.025pt>
File: imagenes/capa_neuronas.jpg Graphic file (type jpg)
<use imagenes/capa_neuronas.jpg>
Package pdftex.def Info: imagenes/capa_neuronas.jpg  used on input line 57.
(pdftex.def)             Requested size: 241.3553pt x 189.71158pt.
LaTeX Info: Redefining \. on input line 63.
LaTeX Info: Redefining \% on input line 63.

pdfTeX warning (ext4): destination with the same identifier (name{page.5}) has 
been already used, duplicate ignored
<to be read again> 
                   \relax 
l.63 
      [5 <./imagenes/neurona.jpg> <./imagenes/capa_neuronas.jpg>]
<imagenes/ReLU.jpg.png, id=389, 380.8629pt x 310.761pt>
File: imagenes/ReLU.jpg.png Graphic file (type png)
<use imagenes/ReLU.jpg.png>
Package pdftex.def Info: imagenes/ReLU.jpg.png  used on input line 74.
(pdftex.def)             Requested size: 171.3867pt x 139.84116pt.
<imagenes/sigmoide.jpg, id=391, 380.8629pt x 310.761pt>
File: imagenes/sigmoide.jpg Graphic file (type jpg)
<use imagenes/sigmoide.jpg>
Package pdftex.def Info: imagenes/sigmoide.jpg  used on input line 90.
(pdftex.def)             Requested size: 171.3867pt x 139.84116pt.

Underfull \vbox (badness 2426) has occurred while \output is active []

LaTeX Info: Redefining \. on input line 94.
LaTeX Info: Redefining \% on input line 94.

pdfTeX warning (ext4): destination with the same identifier (name{page.6}) has 
been already used, duplicate ignored
<to be read again> 
                   \relax 
l.94 
      [6 <./imagenes/ReLU.jpg.png>]
<imagenes/softmax.jpg, id=403, 681.54625pt x 197.73875pt>
File: imagenes/softmax.jpg Graphic file (type jpg)
<use imagenes/softmax.jpg>
Package pdftex.def Info: imagenes/softmax.jpg  used on input line 102.
(pdftex.def)             Requested size: 238.54475pt x 69.2096pt.

Underfull \hbox (badness 10000) in paragraph at lines 107--108

 []


Underfull \vbox (badness 10000) has occurred while \output is active []

LaTeX Info: Redefining \. on input line 117.
LaTeX Info: Redefining \% on input line 117.

pdfTeX warning (ext4): destination with the same identifier (name{page.7}) has 
been already used, duplicate ignored
<to be read again> 
                   \relax 
l.117 \end{gather}
                   [7 <./imagenes/sigmoide.jpg> <./imagenes/softmax.jpg>]
<imagenes/sgd.jpg, id=413, 388.0899pt x 310.761pt>
File: imagenes/sgd.jpg Graphic file (type jpg)
<use imagenes/sgd.jpg>
Package pdftex.def Info: imagenes/sgd.jpg  used on input line 141.
(pdftex.def)             Requested size: 155.2332pt x 124.30219pt.

Underfull \hbox (badness 10000) in paragraph at lines 146--148

 []

LaTeX Info: Redefining \. on input line 148.
LaTeX Info: Redefining \% on input line 148.

pdfTeX warning (ext4): destination with the same identifier (name{page.8}) has 
been already used, duplicate ignored
<to be read again> 
                   \relax 
l.148 
       [8 <./imagenes/sgd.jpg>]
Underfull \hbox (badness 10000) in paragraph at lines 151--152

 []


Underfull \hbox (badness 10000) in paragraph at lines 172--175

 []

LaTeX Info: Redefining \. on input line 175.
LaTeX Info: Redefining \% on input line 175.

pdfTeX warning (ext4): destination with the same identifier (name{page.9}) has 
been already used, duplicate ignored
<to be read again> 
                   \relax 
l.175 
       [9]
Underfull \hbox (badness 10000) in paragraph at lines 176--177

 []

) (capitulos/03_Aportaciones.tex
LaTeX Info: Redefining \. on input line 1.
LaTeX Info: Redefining \% on input line 1.

pdfTeX warning (ext4): destination with the same identifier (name{page.10}) has
 been already used, duplicate ignored
<to be read again> 
                   \relax 
l.1 \chapter
            {Aportaciones} [10]
Cap\'{\i }tulo 3.

Package hyperref Warning: Token not allowed in a PDF string (Unicode):
(hyperref)                removing `\@ifnextchar' on input line 5.


Package hyperref Warning: Token not allowed in a PDF string (Unicode):
(hyperref)                removing `subscript' on input line 5.


Package hyperref Warning: Token not allowed in a PDF string (Unicode):
(hyperref)                removing `subscript' on input line 5.


Package hyperref Warning: Token not allowed in a PDF string (Unicode):
(hyperref)                removing `\@ifnextchar' on input line 5.


Package hyperref Warning: Token not allowed in a PDF string (Unicode):
(hyperref)                removing `subscript' on input line 5.


Package hyperref Warning: Token not allowed in a PDF string (Unicode):
(hyperref)                removing `subscript' on input line 5.


Package hyperref Warning: Token not allowed in a PDF string (Unicode):
(hyperref)                removing `subscript' on input line 5.


Package hyperref Warning: Token not allowed in a PDF string (Unicode):
(hyperref)                removing `subscript' on input line 5.


Underfull \hbox (badness 10000) in paragraph at lines 7--8

 []

<imagenes/NN_softmax.jpg, id=451, 620.3175pt x 218.8175pt>
File: imagenes/NN_softmax.jpg Graphic file (type jpg)
<use imagenes/NN_softmax.jpg>
Package pdftex.def Info: imagenes/NN_softmax.jpg  used on input line 11.
(pdftex.def)             Requested size: 248.1226pt x 87.52544pt.

Underfull \hbox (badness 10000) in paragraph at lines 28--29

 []


pdfTeX warning (ext4): destination with the same identifier (name{page.11}) has
 been already used, duplicate ignored
<to be read again> 
                   \relax 
l.29 \begin{gather}
                    [11

 <./imagenes/NN_softmax.jpg>]
Underfull \hbox (badness 10000) in paragraph at lines 33--34

 []


Underfull \hbox (badness 10000) in paragraph at lines 44--45

 []


Underfull \hbox (badness 10000) in paragraph at lines 54--55

 []


Underfull \hbox (badness 10000) in paragraph at lines 59--60

 []


Underfull \hbox (badness 10000) in paragraph at lines 65--66

 []

LaTeX Info: Redefining \. on input line 69.
LaTeX Info: Redefining \% on input line 69.

pdfTeX warning (ext4): destination with the same identifier (name{page.12}) has
 been already used, duplicate ignored
<to be read again> 
                   \relax 
l.69 \end{gather}
                  [12]
Underfull \hbox (badness 10000) in paragraph at lines 84--87

 []


Underfull \hbox (badness 10000) in paragraph at lines 91--92

 []


Underfull \hbox (badness 10000) in paragraph at lines 96--97

 []


Underfull \hbox (badness 10000) in paragraph at lines 104--105

 []

LaTeX Info: Redefining \. on input line 105.
LaTeX Info: Redefining \% on input line 105.
[13]
Underfull \hbox (badness 10000) in paragraph at lines 111--112

 []


Underfull \hbox (badness 10000) in paragraph at lines 119--120

 []


Package hyperref Warning: Token not allowed in a PDF string (Unicode):
(hyperref)                removing `\@ifnextchar' on input line 125.


Package hyperref Warning: Token not allowed in a PDF string (Unicode):
(hyperref)                removing `subscript' on input line 125.


Package hyperref Warning: Token not allowed in a PDF string (Unicode):
(hyperref)                removing `\@ifnextchar' on input line 125.


Package hyperref Warning: Token not allowed in a PDF string (Unicode):
(hyperref)                removing `subscript' on input line 125.


Package hyperref Warning: Token not allowed in a PDF string (Unicode):
(hyperref)                removing `subscript' on input line 125.

<imagenes/nn_1_capa.jpg, id=500, 381.425pt x 291.0875pt>
File: imagenes/nn_1_capa.jpg Graphic file (type jpg)
<use imagenes/nn_1_capa.jpg>
Package pdftex.def Info: imagenes/nn_1_capa.jpg  used on input line 129.
(pdftex.def)             Requested size: 133.50075pt x 101.88214pt.
LaTeX Info: Redefining \. on input line 140.
LaTeX Info: Redefining \% on input line 140.
[14 <./imagenes/nn_1_capa.jpg>]
<imagenes/nn_1_capa_output.jpg, id=513, 381.425pt x 291.0875pt>
File: imagenes/nn_1_capa_output.jpg Graphic file (type jpg)
<use imagenes/nn_1_capa_output.jpg>
Package pdftex.def Info: imagenes/nn_1_capa_output.jpg  used on input line 145.

(pdftex.def)             Requested size: 133.50075pt x 101.88214pt.
<imagenes/nn_1_capa_pesos_h1_output.jpg, id=515, 381.425pt x 291.0875pt>
File: imagenes/nn_1_capa_pesos_h1_output.jpg Graphic file (type jpg)
<use imagenes/nn_1_capa_pesos_h1_output.jpg>
Package pdftex.def Info: imagenes/nn_1_capa_pesos_h1_output.jpg  used on input 
line 159.
(pdftex.def)             Requested size: 133.50075pt x 101.88214pt.
LaTeX Info: Redefining \. on input line 165.
LaTeX Info: Redefining \% on input line 165.
 [15 <./imagenes/nn_1_capa_output.jpg> <./imagenes/nn_1_capa_pesos_h1_output.jp
g>]
<imagenes/nn_caminos_posibles.jpg, id=523, 381.425pt x 291.0875pt>
File: imagenes/nn_caminos_posibles.jpg Graphic file (type jpg)
<use imagenes/nn_caminos_posibles.jpg>
Package pdftex.def Info: imagenes/nn_caminos_posibles.jpg  used on input line 1
89.
(pdftex.def)             Requested size: 133.50075pt x 101.88214pt.

Underfull \hbox (badness 10000) in paragraph at lines 194--195

 []

<imagenes/nn_1_capa_h1.jpg, id=525, 381.425pt x 291.0875pt>
File: imagenes/nn_1_capa_h1.jpg Graphic file (type jpg)
<use imagenes/nn_1_capa_h1.jpg>
Package pdftex.def Info: imagenes/nn_1_capa_h1.jpg  used on input line 208.
(pdftex.def)             Requested size: 133.50075pt x 101.88214pt.
LaTeX Info: Redefining \. on input line 212.
LaTeX Info: Redefining \% on input line 212.
[16 <./imagenes/nn_caminos_posibles.jpg>]
<imagenes/nn_1_capa_pesos_input_h1.jpg, id=541, 381.425pt x 291.0875pt>
File: imagenes/nn_1_capa_pesos_input_h1.jpg Graphic file (type jpg)
<use imagenes/nn_1_capa_pesos_input_h1.jpg>
Package pdftex.def Info: imagenes/nn_1_capa_pesos_input_h1.jpg  used on input l
ine 239.
(pdftex.def)             Requested size: 133.50075pt x 101.88214pt.

Underfull \vbox (badness 2237) has occurred while \output is active []

LaTeX Info: Redefining \. on input line 243.
LaTeX Info: Redefining \% on input line 243.
 [17 <./imagenes/nn_1_capa_h1.jpg>]
<imagenes/nn_caminos_posibles_input.jpg, id=552, 381.425pt x 291.0875pt>
File: imagenes/nn_caminos_posibles_input.jpg Graphic file (type jpg)
<use imagenes/nn_caminos_posibles_input.jpg>
Package pdftex.def Info: imagenes/nn_caminos_posibles_input.jpg  used on input 
line 265.
(pdftex.def)             Requested size: 133.50075pt x 101.88214pt.

Underfull \vbox (badness 10000) has occurred while \output is active []

LaTeX Info: Redefining \. on input line 269.
LaTeX Info: Redefining \% on input line 269.
 [18 <./imagenes/nn_1_capa_pesos_input_h1.jpg>]
<imagenes/nn_1_capa_input.jpg, id=565, 381.425pt x 291.0875pt>
File: imagenes/nn_1_capa_input.jpg Graphic file (type jpg)
<use imagenes/nn_1_capa_input.jpg>
Package pdftex.def Info: imagenes/nn_1_capa_input.jpg  used on input line 277.
(pdftex.def)             Requested size: 133.50075pt x 101.88214pt.

Underfull \hbox (badness 10000) in paragraph at lines 282--283

 []

<imagenes/nn_2_capas.jpg, id=566, 537.00626pt x 294.09875pt>
File: imagenes/nn_2_capas.jpg Graphic file (type jpg)
<use imagenes/nn_2_capas.jpg>
Package pdftex.def Info: imagenes/nn_2_capas.jpg  used on input line 293.
(pdftex.def)             Requested size: 187.955pt x 102.9361pt.
LaTeX Info: Redefining \. on input line 297.
LaTeX Info: Redefining \% on input line 297.
[19 <./imagenes/nn_caminos_posibles_input.jpg> <./imagenes/nn_1_capa_input.jpg>
]
Underfull \hbox (badness 10000) in paragraph at lines 298--299

 []

<imagenes/nn_2_capa_output.jpg, id=577, 537.00626pt x 294.09875pt>
File: imagenes/nn_2_capa_output.jpg Graphic file (type jpg)
<use imagenes/nn_2_capa_output.jpg>
Package pdftex.def Info: imagenes/nn_2_capa_output.jpg  used on input line 304.

(pdftex.def)             Requested size: 187.955pt x 102.9361pt.

Underfull \hbox (badness 10000) in paragraph at lines 308--309

 []

<imagenes/nn_2_capa_pesos_h2_output.jpg, id=580, 537.00626pt x 294.09875pt>
File: imagenes/nn_2_capa_pesos_h2_output.jpg Graphic file (type jpg)
<use imagenes/nn_2_capa_pesos_h2_output.jpg>
Package pdftex.def Info: imagenes/nn_2_capa_pesos_h2_output.jpg  used on input 
line 314.
(pdftex.def)             Requested size: 187.955pt x 102.9361pt.

Underfull \vbox (badness 10000) has occurred while \output is active []

LaTeX Info: Redefining \. on input line 317.
LaTeX Info: Redefining \% on input line 317.
 [20 <./imagenes/nn_2_capas.jpg> <./imagenes/nn_2_capa_output.jpg>]
Underfull \hbox (badness 10000) in paragraph at lines 318--319

 []

<imagenes/nn_h2_caminos_posibles.jpg, id=590, 537.00626pt x 294.09875pt>
File: imagenes/nn_h2_caminos_posibles.jpg Graphic file (type jpg)
<use imagenes/nn_h2_caminos_posibles.jpg>
Package pdftex.def Info: imagenes/nn_h2_caminos_posibles.jpg  used on input lin
e 344.
(pdftex.def)             Requested size: 187.955pt x 102.9361pt.
LaTeX Info: Redefining \. on input line 348.
LaTeX Info: Redefining \% on input line 348.
[21 <./imagenes/nn_2_capa_pesos_h2_output.jpg>]
Underfull \hbox (badness 10000) in paragraph at lines 349--350

 []

<imagenes/nn_2_capa_h2.jpg, id=603, 537.00626pt x 294.09875pt>
File: imagenes/nn_2_capa_h2.jpg Graphic file (type jpg)
<use imagenes/nn_2_capa_h2.jpg>
Package pdftex.def Info: imagenes/nn_2_capa_h2.jpg  used on input line 363.
(pdftex.def)             Requested size: 187.955pt x 102.9361pt.
LaTeX Info: Redefining \. on input line 381.
LaTeX Info: Redefining \% on input line 381.
[22 <./imagenes/nn_h2_caminos_posibles.jpg> <./imagenes/nn_2_capa_h2.jpg>]
Underfull \hbox (badness 10000) in paragraph at lines 391--392

 []

<imagenes/nn_2_capa_pesos_h1_h2.jpg, id=618, 537.00626pt x 288.07625pt>
File: imagenes/nn_2_capa_pesos_h1_h2.jpg Graphic file (type jpg)
<use imagenes/nn_2_capa_pesos_h1_h2.jpg>
Package pdftex.def Info: imagenes/nn_2_capa_pesos_h1_h2.jpg  used on input line
 397.
(pdftex.def)             Requested size: 187.955pt x 100.82819pt.
LaTeX Info: Redefining \. on input line 420.
LaTeX Info: Redefining \% on input line 420.
[23 <./imagenes/nn_2_capa_pesos_h1_h2.jpg>]
Underfull \hbox (badness 10000) in paragraph at lines 422--423

 []

<imagenes/nn_h1_caminos_posibles.jpg, id=634, 537.00626pt x 295.1025pt>
File: imagenes/nn_h1_caminos_posibles.jpg Graphic file (type jpg)
<use imagenes/nn_h1_caminos_posibles.jpg>
Package pdftex.def Info: imagenes/nn_h1_caminos_posibles.jpg  used on input lin
e 428.
(pdftex.def)             Requested size: 187.955pt x 103.28741pt.

Underfull \hbox (badness 10000) in paragraph at lines 433--434

 []

<imagenes/nn_2_capa_h1.jpg, id=635, 537.00626pt x 295.1025pt>
File: imagenes/nn_2_capa_h1.jpg Graphic file (type jpg)
<use imagenes/nn_2_capa_h1.jpg>
Package pdftex.def Info: imagenes/nn_2_capa_h1.jpg  used on input line 442.
(pdftex.def)             Requested size: 187.955pt x 103.28741pt.

Underfull \vbox (badness 5331) has occurred while \output is active []

LaTeX Info: Redefining \. on input line 445.
LaTeX Info: Redefining \% on input line 445.
 [24 <./imagenes/nn_h1_caminos_posibles.jpg>]
Underfull \hbox (badness 10000) in paragraph at lines 463--464

 []

<imagenes/nn_2_capa_pesos_input_h1.jpg, id=649, 537.00626pt x 295.1025pt>
File: imagenes/nn_2_capa_pesos_input_h1.jpg Graphic file (type jpg)
<use imagenes/nn_2_capa_pesos_input_h1.jpg>
Package pdftex.def Info: imagenes/nn_2_capa_pesos_input_h1.jpg  used on input l
ine 470.
(pdftex.def)             Requested size: 187.955pt x 103.28741pt.
LaTeX Info: Redefining \. on input line 480.
LaTeX Info: Redefining \% on input line 480.
[25 <./imagenes/nn_2_capa_h1.jpg> <./imagenes/nn_2_capa_pesos_input_h1.jpg>]
Underfull \hbox (badness 10000) in paragraph at lines 491--492

 []

<imagenes/nn_2_capas_caminos_posibles_input.jpg, id=662, 537.00626pt x 295.1025
pt>
File: imagenes/nn_2_capas_caminos_posibles_input.jpg Graphic file (type jpg)
<use imagenes/nn_2_capas_caminos_posibles_input.jpg>
Package pdftex.def Info: imagenes/nn_2_capas_caminos_posibles_input.jpg  used o
n input line 497.
(pdftex.def)             Requested size: 187.955pt x 103.28741pt.
<imagenes/nn_2_capa_input.jpg, id=663, 537.00626pt x 295.1025pt>
File: imagenes/nn_2_capa_input.jpg Graphic file (type jpg)
<use imagenes/nn_2_capa_input.jpg>
Package pdftex.def Info: imagenes/nn_2_capa_input.jpg  used on input line 509.
(pdftex.def)             Requested size: 187.955pt x 103.28741pt.
LaTeX Info: Redefining \. on input line 513.
LaTeX Info: Redefining \% on input line 513.
[26 <./imagenes/nn_2_capas_caminos_posibles_input.jpg>]
Underfull \hbox (badness 10000) in paragraph at lines 514--515

 []


Underfull \hbox (badness 10000) in paragraph at lines 522--524

 []

<imagenes/conclusion_capa_l.jpg, id=678, 624.3325pt x 281.05pt>
File: imagenes/conclusion_capa_l.jpg Graphic file (type jpg)
<use imagenes/conclusion_capa_l.jpg>
Package pdftex.def Info: imagenes/conclusion_capa_l.jpg  used on input line 529
.
(pdftex.def)             Requested size: 218.51964pt x 98.36896pt.

Underfull \vbox (badness 10000) has occurred while \output is active []

LaTeX Info: Redefining \. on input line 533.
LaTeX Info: Redefining \% on input line 533.
 [27 <./imagenes/nn_2_capa_input.jpg>]
<imagenes/conclusion_pesos.jpg, id=686, 624.3325pt x 281.05pt>
File: imagenes/conclusion_pesos.jpg Graphic file (type jpg)
<use imagenes/conclusion_pesos.jpg>
Package pdftex.def Info: imagenes/conclusion_pesos.jpg  used on input line 546.

(pdftex.def)             Requested size: 218.51964pt x 98.36896pt.

Underfull \vbox (badness 2261) has occurred while \output is active []

LaTeX Info: Redefining \. on input line 555.
LaTeX Info: Redefining \% on input line 555.
 [28 <./imagenes/conclusion_capa_l.jpg> <./imagenes/conclusion_pesos.jpg>])
(capitulos/04_Adaptacion_GPU.tex
LaTeX Info: Redefining \. on input line 1.
LaTeX Info: Redefining \% on input line 1.
 [29] [30

]
Cap\'{\i }tulo 4.
) (capitulos/05_Plataformas.tex [31] [32

]
Cap\'{\i }tulo 5.
) (proyecto.bbl [33] [34

]
Underfull \hbox (badness 10000) in paragraph at lines 4--9
[]\OT1/cmr/m/n/10.95 mehran@mldawn.com.  Back-propagation th-rough cross-
 []


Underfull \hbox (badness 10000) in paragraph at lines 4--9
\OT1/cmr/m/n/10.95 entropy soft-max, 2021.  []$\OT1/cmtt/m/n/10.95 https : / / 
www . mldawn . com /
 []


Underfull \hbox (badness 10000) in paragraph at lines 4--9
\OT1/cmtt/m/n/10.95 back-[]propagation-[]with-[]cross-[]entropy-[]and-[]softmax
/$[] \OT1/cmr/m/n/10.95 [Ac-ces-
 []


Underfull \hbox (badness 10000) in paragraph at lines 11--16
[]\OT1/cmr/m/n/10.95 mehran@mldawn.com.  The de-ri-va-ti-ve of soft-max
 []


Underfull \hbox (badness 10000) in paragraph at lines 11--16
\OT1/cmr/m/n/10.95 fun-ction wrt z, 2021.  []$\OT1/cmtt/m/n/10.95 https : / / w
ww . mldawn . com /
 []


Underfull \hbox (badness 10000) in paragraph at lines 11--16
\OT1/cmtt/m/n/10.95 the-[]derivative-[]of-[]softmaxz-[]function-[]w-[]r-[]t-[]z
/$[] \OT1/cmr/m/n/10.95 [Ac-ces-
 []


Underfull \hbox (badness 5681) in paragraph at lines 18--23
[]\OT1/cmr/m/n/10.95 Prakash Jay.  Back-propagation is very sim-ple. who ma-de
 []


Underfull \hbox (badness 10000) in paragraph at lines 18--23
\OT1/cmr/m/n/10.95 it com-pli-ca-ted ?, 2017.  []$\OT1/cmtt/m/n/10.95 https : /
 / medium . com / @14prakash /
 []


Overfull \hbox (57.91913pt too wide) in paragraph at lines 18--23
\OT1/cmtt/m/n/10.95 back-[]propagation-[]is-[]very-[]simple-[]who-[]made-[]it-[
]complicated-[]97b794c97e5c$[]
 []


Underfull \hbox (badness 10000) in paragraph at lines 42--48
[]\OT1/cmr/m/n/10.95 Javi.  La fun-ci^^Son sig-moi-de: Una he-rra-mien-ta cla-
 []


Underfull \hbox (badness 10000) in paragraph at lines 42--48
\OT1/cmr/m/n/10.95 ve en re-des neu-ro-na-les, 2023.  []$\OT1/cmtt/m/n/10.95 ht
tps : / / jacar . es /
 []


Overfull \hbox (22.927pt too wide) in paragraph at lines 42--48
\OT1/cmtt/m/n/10.95 la-[]funcion-[]sigmoide-[]una-[]herramienta-[]clave-[]en-[]
redes-[]neuronales/$[]
 []


Underfull \hbox (badness 10000) in paragraph at lines 50--55
[]\OT1/cmr/m/n/10.95 Jason Brown-lee.  Soft-max ac-ti-va-tion fun-ction with
 []


Underfull \hbox (badness 10000) in paragraph at lines 50--55
\OT1/cmr/m/n/10.95 python, 2020.  []$\OT1/cmtt/m/n/10.95 https : / / machinelea
rningmastery . com /
 []


Underfull \hbox (badness 10000) in paragraph at lines 50--55
\OT1/cmtt/m/n/10.95 softmax-[]activation-[]function-[]with-[]python/$[] \OT1/cm
r/m/n/10.95 [Ac-ces-
 []


Underfull \hbox (badness 10000) in paragraph at lines 57--62
[]\OT1/cmr/m/n/10.95 Saurav Mahesh-kar.  What is cross en-tropy
 []


Underfull \hbox (badness 10000) in paragraph at lines 57--62
\OT1/cmr/m/n/10.95 loss? a tu-to-rial with co-de, 2023.  []$\OT1/cmtt/m/n/10.95
 https : / /
 []


Underfull \hbox (badness 10000) in paragraph at lines 57--62
\OT1/cmtt/m/n/10.95 wandb . ai / sauravmaheshkar / cross-[]entropy / reports /
 []


Overfull \hbox (52.67044pt too wide) in paragraph at lines 57--62
\OT1/cmtt/m/n/10.95 What-[]Is-[]Cross-[]Entropy-[]Loss-[]A-[]Tutorial-[]With-[]
Code-[]-[]VmlldzoxMDA5NTMx# :
 []


Underfull \hbox (badness 10000) in paragraph at lines 57--62
[] \OT1/cmtt/m/n/10.95 : text = Cross % 20entropy % 20loss % 20is % 20a ,[] clo
se % 20to % 200 %
 []

[35]
Underfull \hbox (badness 10000) in paragraph at lines 64--68
[]\OT1/cmr/m/n/10.95 Descenso del gra-dien-te, 2024.  []$\OT1/cmtt/m/n/10.95 ht
tps : / / es . wikipedia . org /
 []


Underfull \hbox (badness 10000) in paragraph at lines 64--68
\OT1/cmtt/m/n/10.95 wiki / Descenso _ del _ gradiente# : [] : text = El % 20des
censo % 20del %
 []


Underfull \hbox (badness 10000) in paragraph at lines 64--68
\OT1/cmtt/m/n/10.95 20gradiente % 20o ,[] en % 20direcci % C3 % B3n % 20contrar
ia % 20al %
 []


Underfull \hbox (badness 10000) in paragraph at lines 74--79
[]\OT1/cmr/m/n/10.95 Robert Kwiat-kows-ki.  Gra-dient des-cent al-go-rithm | a
 []


Underfull \hbox (badness 10000) in paragraph at lines 74--79
\OT1/cmr/m/n/10.95 deep di-ve, 2021.  []$\OT1/cmtt/m/n/10.95 https : / / toward
sdatascience . com /
 []


Underfull \hbox (badness 10000) in paragraph at lines 74--79
\OT1/cmtt/m/n/10.95 gradient-[]descent-[]algorithm-[]a-[]deep-[]dive-[]cf04e811
5f21# : [] :
 []


Underfull \hbox (badness 10000) in paragraph at lines 74--79
\OT1/cmtt/m/n/10.95 text = Gradient % 20descent % 20(GD ) %20is % 20an ,[] e . 
g . %20in % 20a %
 []


Underfull \hbox (badness 3780) in paragraph at lines 81--85
[]\OT1/cmr/m/n/10.95 ml4a.  How neu-ral net-works are trai-ned, 2020.  []$\OT1/
cmtt/m/n/10.95 https : / /
 []


Underfull \hbox (badness 10000) in paragraph at lines 87--92
[]\OT1/cmr/m/n/10.95 Chamanth mvs.  No mo-re con-fu-sion on back-
 []


Underfull \hbox (badness 10000) in paragraph at lines 87--92
\OT1/cmr/m/n/10.95 pro-pa-ga-tion, 2022.  []$\OT1/cmtt/m/n/10.95 https : / / pu
b . aimind . so /
 []


Underfull \hbox (badness 10000) in paragraph at lines 87--92
\OT1/cmtt/m/n/10.95 no-[]more-[]confusion-[]on-[]backpropagation-[]7adfc271539f
$[] \OT1/cmr/m/n/10.95 [Ac-
 []

)
LaTeX Info: Redefining \. on input line 224.
LaTeX Info: Redefining \% on input line 224.
 [36] [37

] (proyecto.aux
LaTeX Info: Redefining \. on input line 22.
LaTeX Info: Redefining \% on input line 22.
)

LaTeX Font Warning: Some font shapes were not available, defaults substituted.

Package rerunfilecheck Info: File `proyecto.out' has not changed.
(rerunfilecheck)             Checksum: 0323D98AF2E0A6B4D2B3C16796F28A8E;7165.
 ) 
Here is how much of TeX's memory you used:
 14111 strings out of 476331
 230842 string characters out of 5787765
 1869660 words of memory out of 5000000
 34007 multiletter control sequences out of 15000+600000
 520820 words of font info for 61 fonts, out of 8000000 for 9000
 1141 hyphenation exceptions out of 8191
 75i,13n,76p,835b,758s stack positions out of 10000i,1000n,20000p,200000b,200000s
<C:/Users/Troll/AppData/Local/Programs/MiKTeX/fonts/type1/public/amsfonts/cm/
cmbx10.pfb><C:/Users/Troll/AppData/Local/Programs/MiKTeX/fonts/type1/public/ams
fonts/cm/cmbx12.pfb><C:/Users/Troll/AppData/Local/Programs/MiKTeX/fonts/type1/p
ublic/amsfonts/cm/cmbx8.pfb><C:/Users/Troll/AppData/Local/Programs/MiKTeX/fonts
/type1/public/amsfonts/cm/cmbxti10.pfb><C:/Users/Troll/AppData/Local/Programs/M
iKTeX/fonts/type1/public/amsfonts/cm/cmcsc10.pfb><C:/Users/Troll/AppData/Local/
Programs/MiKTeX/fonts/type1/public/amsfonts/cm/cmex10.pfb><C:/Users/Troll/AppDa
ta/Local/Programs/MiKTeX/fonts/type1/public/amsfonts/cmextra/cmex8.pfb><C:/User
s/Troll/AppData/Local/Programs/MiKTeX/fonts/type1/public/amsfonts/cm/cmmi10.pfb
><C:/Users/Troll/AppData/Local/Programs/MiKTeX/fonts/type1/public/amsfonts/cm/c
mmi6.pfb><C:/Users/Troll/AppData/Local/Programs/MiKTeX/fonts/type1/public/amsfo
nts/cm/cmmi8.pfb><C:/Users/Troll/AppData/Local/Programs/MiKTeX/fonts/type1/publ
ic/amsfonts/cm/cmr10.pfb><C:/Users/Troll/AppData/Local/Programs/MiKTeX/fonts/ty
pe1/public/amsfonts/cm/cmr6.pfb><C:/Users/Troll/AppData/Local/Programs/MiKTeX/f
onts/type1/public/amsfonts/cm/cmr8.pfb><C:/Users/Troll/AppData/Local/Programs/M
iKTeX/fonts/type1/public/amsfonts/cm/cmsy10.pfb><C:/Users/Troll/AppData/Local/P
rograms/MiKTeX/fonts/type1/public/amsfonts/cm/cmsy8.pfb><C:/Users/Troll/AppData
/Local/Programs/MiKTeX/fonts/type1/public/amsfonts/cm/cmti10.pfb><C:/Users/Trol
l/AppData/Local/Programs/MiKTeX/fonts/type1/public/amsfonts/cm/cmtt10.pfb>
Output written on proyecto.pdf (59 pages, 1573391 bytes).
PDF statistics:
 906 PDF objects out of 1000 (max. 8388607)
 265 named destinations out of 1000 (max. 500000)
 444 words of extra memory for PDF output out of 10000 (max. 10000000)

