\BOOKMARK [0][-]{chapter.1}{\376\377\000I\000n\000t\000r\000o\000d\000u\000c\000c\000i\000\363\000n}{}% 1
\BOOKMARK [1][-]{section.1.1}{\376\377\000R\000e\000s\000u\000m\000e\000n}{chapter.1}% 2
\BOOKMARK [1][-]{section.1.2}{\376\377\000O\000b\000j\000e\000t\000i\000v\000o\000s}{chapter.1}% 3
\BOOKMARK [2][-]{subsection.1.2.1}{\376\377\000O\000b\000j\000e\000t\000i\000v\000o\000s\000\040\000d\000e\000\040\000a\000p\000r\000e\000n\000d\000i\000z\000a\000j\000e}{section.1.2}% 4
\BOOKMARK [2][-]{subsection.1.2.2}{\376\377\000O\000b\000j\000e\000t\000i\000v\000o\000s\000\040\000d\000e\000\040\000d\000i\000s\000e\000\361\000o\000\040\000e\000\040\000i\000m\000p\000l\000e\000m\000e\000n\000t\000a\000c\000i\000\363\000n}{section.1.2}% 5
\BOOKMARK [0][-]{chapter.2}{\376\377\000C\000o\000n\000c\000e\000p\000t\000o\000s\000\040\000p\000r\000e\000v\000i\000o\000s}{}% 6
\BOOKMARK [1][-]{section.2.1}{\376\377\000M\000a\000c\000h\000i\000n\000e\000\040\000L\000e\000a\000r\000n\000i\000n\000g}{chapter.2}% 7
\BOOKMARK [1][-]{section.2.2}{\376\377\000A\000p\000r\000e\000n\000d\000i\000z\000a\000j\000e\000\040\000s\000u\000p\000e\000r\000v\000i\000s\000a\000d\000o}{chapter.2}% 8
\BOOKMARK [1][-]{section.2.3}{\376\377\000D\000i\000v\000i\000s\000i\000\363\000n\000\040\000d\000e\000\040\000d\000a\000t\000o\000s\000\040\000e\000n\000\040\000e\000n\000t\000r\000e\000n\000a\000m\000i\000e\000n\000t\000o\000\040\000y\000\040\000t\000e\000s\000t}{chapter.2}% 9
\BOOKMARK [1][-]{section.2.4}{\376\377\000R\000e\000d\000e\000s\000\040\000N\000e\000u\000r\000o\000n\000a\000l\000e\000s\000\040\000T\000o\000t\000a\000l\000m\000e\000n\000t\000e\000\040\000C\000o\000n\000e\000c\000t\000a\000d\000a\000s}{chapter.2}% 10
\BOOKMARK [2][-]{subsection.2.4.1}{\376\377\000N\000e\000u\000r\000o\000n\000a}{section.2.4}% 11
\BOOKMARK [2][-]{subsection.2.4.2}{\376\377\000E\000s\000t\000r\000u\000c\000t\000u\000r\000a\000\040\000p\000o\000r\000\040\000c\000a\000p\000a\000s}{section.2.4}% 12
\BOOKMARK [2][-]{subsection.2.4.3}{\376\377\000F\000u\000n\000c\000i\000o\000n\000e\000s\000\040\000d\000e\000\040\000a\000c\000t\000i\000v\000a\000c\000i\000\363\000n}{section.2.4}% 13
\BOOKMARK [2][-]{subsection.2.4.4}{\376\377\000C\000a\000p\000a\000\040\000S\000o\000f\000t\000M\000a\000x}{section.2.4}% 14
\BOOKMARK [2][-]{subsection.2.4.5}{\376\377\000T\000i\000p\000o\000s\000\040\000d\000e\000\040\000c\000o\000d\000i\000f\000i\000c\000a\000c\000i\000o\000n\000e\000s\000\040\000d\000e\000\040\000e\000t\000i\000q\000u\000e\000t\000a\000s}{section.2.4}% 15
\BOOKMARK [2][-]{subsection.2.4.6}{\376\377\000F\000u\000n\000c\000i\000\363\000n\000\040\000d\000e\000\040\000e\000r\000r\000o\000r\000\040\000o\000\040\000p\000\351\000r\000d\000i\000d\000a}{section.2.4}% 16
\BOOKMARK [2][-]{subsection.2.4.7}{\376\377\000D\000e\000s\000c\000e\000n\000s\000o\000\040\000d\000e\000l\000\040\000g\000r\000a\000d\000i\000e\000n\000t\000e}{section.2.4}% 17
\BOOKMARK [2][-]{subsection.2.4.8}{\376\377\000I\000n\000i\000c\000i\000a\000l\000i\000z\000a\000c\000i\000\363\000n\000\040\000d\000e\000\040\000p\000e\000s\000o\000s}{section.2.4}% 18
\BOOKMARK [2][-]{subsection.2.4.9}{\376\377\000I\000n\000i\000c\000i\000a\000l\000i\000z\000a\000c\000i\000\363\000n\000\040\000d\000e\000\040\000s\000e\000s\000g\000o\000s}{section.2.4}% 19
\BOOKMARK [2][-]{subsection.2.4.10}{\376\377\000R\000e\000t\000r\000o\000p\000r\000o\000p\000a\000g\000a\000c\000i\000\363\000n\000\040\000e\000n\000\040\000l\000a\000\040\000c\000a\000p\000a\000\040\000S\000o\000f\000t\000M\000a\000x}{section.2.4}% 20
\BOOKMARK [2][-]{subsection.2.4.11}{\376\377\000R\000e\000t\000r\000o\000p\000r\000o\000p\000a\000g\000a\000c\000i\000\363\000n\000\040\000e\000n\000\040\000r\000e\000d\000e\000s\000\040\000n\000e\000u\000r\000o\000n\000a\000l\000e\000s\000\040\000r\000o\000t\000a\000l\000m\000e\000n\000t\000e\000\040\000c\000o\000n\000e\000c\000t\000a\000d\000a\000s}{section.2.4}% 21
\BOOKMARK [2][-]{subsection.2.4.12}{\376\377\000G\000r\000a\000d\000i\000e\000n\000t\000e\000\040\000r\000e\000s\000p\000e\000c\000t\000o\000\040\000a\000\040\000s\000e\000s\000g\000o\000s}{section.2.4}% 22
\BOOKMARK [1][-]{section.2.5}{\376\377\000R\000e\000d\000e\000s\000\040\000N\000e\000u\000r\000o\000n\000a\000l\000e\000s\000\040\000C\000o\000n\000v\000o\000l\000u\000c\000i\000o\000n\000a\000l\000e\000s}{chapter.2}% 23
\BOOKMARK [2][-]{subsection.2.5.1}{\376\377\000I\000n\000t\000r\000o\000d\000u\000c\000c\000i\000\363\000n\000\040\000a\000\040\000C\000N\000N\000s\000\040}{section.2.5}% 24
\BOOKMARK [2][-]{subsection.2.5.2}{\376\377\000E\000s\000t\000r\000u\000c\000t\000u\000r\000a\000\040\000p\000o\000r\000\040\000c\000a\000p\000a\000s}{section.2.5}% 25
\BOOKMARK [2][-]{subsection.2.5.3}{\376\377\000C\000a\000p\000a\000\040\000c\000o\000n\000v\000o\000l\000u\000c\000i\000o\000n\000a\000l}{section.2.5}% 26
\BOOKMARK [2][-]{subsection.2.5.4}{\376\377\000R\000e\000t\000r\000o\000p\000r\000o\000p\000a\000g\000a\000c\000i\000\363\000n\000\040\000e\000n\000\040\000c\000a\000p\000a\000s\000\040\000c\000o\000n\000v\000o\000l\000u\000c\000i\000o\000n\000a\000l\000e\000s}{section.2.5}% 27
\BOOKMARK [2][-]{subsection.2.5.5}{\376\377\000R\000e\000t\000r\000o\000p\000r\000o\000p\000a\000g\000a\000c\000i\000\363\000n\000\040\000e\000n\000\040\000c\000a\000p\000a\000s\000\040\000c\000o\000n\000v\000o\000l\000u\000c\000i\000o\000n\000a\000l\000e\000s\000\040\000c\000o\000n\000\040\000r\000e\000l\000l\000e\000n\000o}{section.2.5}% 28
\BOOKMARK [2][-]{subsection.2.5.6}{\376\377\000C\000a\000p\000a\000\040\000d\000e\000\040\000a\000g\000r\000u\000p\000a\000c\000i\000\363\000n\000\040\000m\000\341\000x\000i\000m\000a}{section.2.5}% 29
\BOOKMARK [2][-]{subsection.2.5.7}{\376\377\000C\000a\000p\000a\000\040\000d\000e\000\040\000a\000p\000l\000a\000n\000a\000d\000o}{section.2.5}% 30
\BOOKMARK [1][-]{section.2.6}{\376\377\000O\000p\000e\000n\000M\000P}{chapter.2}% 31
\BOOKMARK [1][-]{section.2.7}{\376\377\000C\000U\000D\000A}{chapter.2}% 32
\BOOKMARK [2][-]{subsection.2.7.1}{\376\377\000G\000e\000s\000t\000i\000\363\000n\000\040\000d\000e\000\040\000m\000e\000m\000o\000r\000i\000a}{section.2.7}% 33
\BOOKMARK [2][-]{subsection.2.7.2}{\376\377\000K\000e\000r\000n\000e\000l\000s}{section.2.7}% 34
\BOOKMARK [2][-]{subsection.2.7.3}{\376\377\000J\000e\000r\000a\000r\000q\000u\000\355\000a\000\040\000d\000e\000\040\000h\000e\000b\000r\000a\000s}{section.2.7}% 35
\BOOKMARK [1][-]{section.2.8}{\376\377\000c\000u\000D\000N\000N\000\040\000\050\000D\000e\000e\000p\000\040\000N\000e\000u\000r\000a\000l\000\040\000N\000e\000t\000w\000o\000r\000k\000\051}{chapter.2}% 36
\BOOKMARK [2][-]{subsection.2.8.1}{\376\377\000M\000a\000n\000e\000j\000a\000d\000o\000r}{section.2.8}% 37
\BOOKMARK [2][-]{subsection.2.8.2}{\376\377\000T\000e\000n\000s\000o\000r\000e\000s}{section.2.8}% 38
\BOOKMARK [2][-]{subsection.2.8.3}{\376\377\000P\000r\000i\000n\000c\000i\000p\000a\000l\000e\000s\000\040\000f\000u\000n\000c\000i\000o\000n\000e\000s}{section.2.8}% 39
\BOOKMARK [0][-]{chapter.3}{\376\377\000A\000p\000o\000r\000t\000a\000c\000i\000o\000n\000e\000s}{}% 40
\BOOKMARK [1][-]{section.3.1}{\376\377\000P\000l\000a\000n\000i\000f\000i\000c\000a\000c\000i\000\363\000n}{chapter.3}% 41
\BOOKMARK [1][-]{section.3.2}{\376\377\000P\000a\000r\000a\000l\000e\000l\000i\000z\000a\000c\000i\000\363\000n\000\040\000m\000e\000d\000i\000a\000n\000t\000e\000\040\000O\000p\000e\000n\000M\000P}{chapter.3}% 42
\BOOKMARK [0][-]{chapter.4}{\376\377\000A\000d\000a\000p\000t\000a\000c\000i\000\363\000n\000\040\000G\000P\000U}{}% 43
\BOOKMARK [1][-]{section.4.1}{\376\377\000G\000E\000M\000M}{chapter.4}% 44
\BOOKMARK [1][-]{section.4.2}{\376\377\000C\000o\000n\000v\000o\000l\000u\000c\000i\000\363\000n\000\040\000c\000o\000m\000o\000\040\000G\000E\000M\000M\000\040}{chapter.4}% 45
\BOOKMARK [2][-]{subsection.4.2.1}{\376\377\000M\000e\000m\000o\000r\000i\000a\000\040\000r\000e\000q\000u\000e\000r\000i\000d\000a\000\040\000a\000l\000\040\000e\000m\000p\000l\000e\000a\000r\000\040\000G\000E\000M\000M}{section.4.2}% 46
\BOOKMARK [1][-]{section.4.3}{\376\377\000R\000e\000t\000r\000o\000p\000r\000o\000p\000a\000g\000a\000c\000i\000\363\000n\000\040\000G\000E\000M\000M\000\040\000e\000n\000\040\000c\000a\000p\000a\000\040\000c\000o\000n\000v\000o\000l\000u\000c\000i\000o\000n\000a\000l}{chapter.4}% 47
\BOOKMARK [1][-]{section.4.4}{\376\377\000C\000a\000p\000a\000\040\000t\000o\000t\000a\000l\000m\000e\000n\000t\000e\000\040\000c\000o\000n\000e\000c\000t\000a\000d\000a\000\040\000c\000o\000m\000o\000\040\000G\000E\000M\000M\000\040\000n\000v\000i\000d\000i\000a\000b\000a\000c\000k\000f\000u\000l\000l\000y\000G\000E\000M\000M}{chapter.4}% 48
\BOOKMARK [2][-]{subsection.4.4.1}{\376\377\000P\000r\000o\000p\000a\000g\000a\000c\000i\000\363\000n\000\040\000h\000a\000c\000i\000a\000\040\000d\000e\000l\000a\000n\000t\000e}{section.4.4}% 49
\BOOKMARK [2][-]{subsection.4.4.2}{\376\377\000R\000e\000t\000r\000o\000p\000r\000o\000p\000a\000g\000a\000c\000i\000\363\000n}{section.4.4}% 50
\BOOKMARK [2][-]{subsection.4.4.3}{\376\377\000M\000u\000l\000t\000i\000p\000l\000i\000c\000a\000c\000i\000\363\000n\000\040\000d\000e\000\040\000m\000a\000t\000r\000i\000c\000e\000s\000\040\000e\000n\000\040\000C\000U\000D\000A}{section.4.4}% 51
\BOOKMARK [0][-]{chapter.5}{\376\377\000C\000o\000m\000p\000a\000r\000a\000c\000i\000\363\000n\000\040\000e\000n\000t\000r\000e\000\040\000d\000i\000s\000t\000i\000n\000t\000a\000s\000\040\000i\000m\000p\000l\000e\000m\000e\000n\000t\000a\000c\000i\000o\000n\000e\000s}{}% 52
\BOOKMARK [1][-]{subsection.5.0.1}{\376\377\000M\000o\000d\000e\000l\000o\000s\000\040\000a\000\040\000e\000m\000p\000l\000e\000a\000r}{chapter.5}% 53
\BOOKMARK [2][-]{subsection.5.0.2}{\376\377\000C\000o\000m\000p\000a\000r\000a\000c\000i\000\363\000n\000\040\000d\000e\000\040\000r\000e\000n\000d\000i\000m\000i\000e\000n\000t\000o}{subsection.5.0.1}% 54
\BOOKMARK [0][-]{chapter.6}{\376\377\000C\000o\000n\000c\000l\000u\000s\000i\000o\000n\000e\000s\000\040\000y\000\040\000t\000r\000a\000b\000a\000j\000o\000\040\000f\000u\000t\000u\000r\000o}{}% 55
\BOOKMARK [0][-]{appendix.Alph1}{\376\377\000c\000u\000D\000N\000N\000,\000\040\000P\000r\000i\000n\000c\000i\000p\000a\000l\000e\000s\000\040\000f\000u\000n\000c\000i\000o\000n\000e\000s}{}% 56
\BOOKMARK [0][-]{appendix.Alph2}{\376\377\000P\000l\000a\000n\000i\000f\000i\000c\000a\000c\000i\000\363\000n}{}% 57
\BOOKMARK [0][-]{appendix.Alph3}{\376\377\000R\000e\000t\000r\000o\000p\000r\000o\000p\000a\000g\000a\000c\000i\000\363\000n\000\040\000e\000n\000\040\000c\000a\000p\000a\000\040\000S\000o\000f\000t\000M\000a\000x}{}% 58
\BOOKMARK [1][-]{section.Alph3.1}{\376\377\000C\000\341\000l\000c\000u\000l\000o\000\040\000d\000e\000l\000\040\000g\000r\000a\000d\000i\000e\000n\000t\000e\000\040\000d\000e\000\040\000l\000a\000\040\000f\000u\000n\000c\000i\000\363\000n\000\040\000d\000e\000\040\000e\000r\000r\000o\000r}{appendix.Alph3}% 59
\BOOKMARK [1][-]{section.Alph3.2}{\376\377\000D\000e\000r\000i\000v\000a\000d\000a\000\040\000d\000e\000\040\000s\000o\000f\000t\000m\000a\000x\000\040\000c\000o\000n\000\040\000r\000e\000s\000p\000e\000c\000t\000o\000\040\000a\000\040\000s\000u\000\040\000e\000n\000t\000r\000a\000d\000a\000,\000\040\000O\000i\000Z\000k}{appendix.Alph3}% 60
\BOOKMARK [1][-]{section.Alph3.3}{\376\377\000C\000a\000s\000o\000\040\000S\000\050\000Z\000i\000\051\000Z\000i}{appendix.Alph3}% 61
\BOOKMARK [2][-]{subsection.Alph3.3.1}{\376\377\000C\000a\000s\000o\000\040\000S\000\050\000Z\000i\000\051\000Z\000j\000,\000\040\000c\000o\000n\000\040\000i\000\040\000=\000\040\000j}{section.Alph3.3}% 62
\BOOKMARK [1][-]{section.Alph3.4}{\376\377\000C\000o\000m\000b\000i\000n\000a\000c\000i\000\363\000n\000\040\000d\000e\000\040\000c\000a\000s\000o\000s}{appendix.Alph3}% 63
\BOOKMARK [1][-]{section.Alph3.5}{\376\377\000S\000i\000m\000p\000l\000i\000f\000i\000c\000a\000c\000i\000\363\000n\000\040\000O\000n\000e\000-\000H\000o\000t}{appendix.Alph3}% 64
\BOOKMARK [0][-]{appendix.Alph4}{\376\377\000R\000e\000t\000r\000o\000p\000r\000o\000p\000a\000g\000a\000c\000i\000\363\000n\000\040\000e\000n\000\040\000r\000e\000d\000e\000s\000\040\000n\000e\000u\000r\000o\000n\000a\000l\000e\000s\000\040\000r\000o\000t\000a\000l\000m\000e\000n\000t\000e\000\040\000c\000o\000n\000e\000c\000t\000a\000d\000a\000s}{}% 65
\BOOKMARK [1][-]{section.Alph4.1}{\376\377\000R\000e\000t\000r\000o\000p\000r\000o\000p\000a\000g\000a\000c\000i\000\363\000n\000\040\000c\000o\000n\000\040\0001\000\040\000c\000a\000p\000a\000\040\000o\000c\000u\000l\000t\000a\000\040\000N\000N\000b\000a\000c\000k\000p\000r\000o\000p\000a\000g\000a\000t\000i\000o\000n\000\040\000N\000N\000b\000a\000c\000k\000p\000r\000o\000p\0002\000\040}{appendix.Alph4}% 66
\BOOKMARK [2][-]{subsection.Alph4.1.1}{\376\377\000C\000a\000p\000a\000\040\000S\000o\000f\000t\000M\000a\000x}{section.Alph4.1}% 67
\BOOKMARK [2][-]{subsection.Alph4.1.2}{\376\377\000P\000e\000s\000o\000s\000\040\000c\000a\000p\000a\000s\000\040\000h\0001\000-\000S\000o\000f\000t\000M\000a\000x}{section.Alph4.1}% 68
\BOOKMARK [2][-]{subsection.Alph4.1.3}{\376\377\000S\000e\000s\000g\000o\000s\000\040\000c\000a\000p\000a\000\040\000s\000o\000f\000t\000m\000a\000x}{section.Alph4.1}% 69
\BOOKMARK [2][-]{subsection.Alph4.1.4}{\376\377\000C\000a\000p\000a\000\040\000o\000c\000u\000l\000t\000a\000\040\000h\0001}{section.Alph4.1}% 70
\BOOKMARK [2][-]{subsection.Alph4.1.5}{\376\377\000P\000e\000s\000o\000s\000\040\000c\000a\000p\000a\000s\000\040\000e\000n\000t\000r\000a\000d\000a\000-\000h\0001}{section.Alph4.1}% 71
\BOOKMARK [2][-]{subsection.Alph4.1.6}{\376\377\000S\000e\000s\000g\000o\000s\000\040\000c\000a\000p\000a\000\040\000h\0001}{section.Alph4.1}% 72
\BOOKMARK [2][-]{subsection.Alph4.1.7}{\376\377\000C\000a\000p\000a\000\040\000d\000e\000\040\000e\000n\000t\000r\000a\000d\000a}{section.Alph4.1}% 73
\BOOKMARK [1][-]{section.Alph4.2}{\376\377\000R\000e\000t\000r\000o\000p\000r\000o\000p\000a\000g\000a\000c\000i\000\363\000n\000\040\000c\000o\000n\000\040\0002\000\040\000c\000a\000p\000a\000s\000\040\000o\000c\000u\000l\000t\000a\000s}{appendix.Alph4}% 74
\BOOKMARK [2][-]{subsection.Alph4.2.1}{\376\377\000C\000a\000p\000a\000\040\000S\000o\000f\000t\000M\000a\000x}{section.Alph4.2}% 75
\BOOKMARK [2][-]{subsection.Alph4.2.2}{\376\377\000P\000e\000s\000o\000s\000\040\000c\000a\000p\000a\000s\000\040\000h\0002\000-\000S\000o\000f\000t\000M\000a\000x}{section.Alph4.2}% 76
\BOOKMARK [2][-]{subsection.Alph4.2.3}{\376\377\000S\000e\000s\000g\000o\000s\000\040\000c\000a\000p\000a\000\040\000s\000o\000f\000t\000m\000a\000x}{section.Alph4.2}% 77
\BOOKMARK [2][-]{subsection.Alph4.2.4}{\376\377\000C\000a\000p\000a\000\040\000o\000c\000u\000l\000t\000a\000\040\000h\0002}{section.Alph4.2}% 78
\BOOKMARK [2][-]{subsection.Alph4.2.5}{\376\377\000P\000e\000s\000o\000s\000\040\000c\000a\000p\000a\000s\000\040\000h\0001\000-\000h\0002}{section.Alph4.2}% 79
\BOOKMARK [2][-]{subsection.Alph4.2.6}{\376\377\000S\000e\000s\000g\000o\000s\000\040\000c\000a\000p\000a\000\040\000h\0002}{section.Alph4.2}% 80
\BOOKMARK [2][-]{subsection.Alph4.2.7}{\376\377\000C\000a\000p\000a\000\040\000o\000c\000u\000l\000t\000a\000\040\000h\0001}{section.Alph4.2}% 81
\BOOKMARK [2][-]{subsection.Alph4.2.8}{\376\377\000P\000e\000s\000o\000s\000\040\000c\000a\000p\000a\000\040\000i\000n\000p\000u\000t\000-\000h\0001}{section.Alph4.2}% 82
\BOOKMARK [2][-]{subsection.Alph4.2.9}{\376\377\000S\000e\000s\000g\000o\000s\000\040\000c\000a\000p\000a\000\040\000h\0001}{section.Alph4.2}% 83
\BOOKMARK [2][-]{subsection.Alph4.2.10}{\376\377\000C\000a\000p\000a\000\040\000i\000n\000p\000u\000t}{section.Alph4.2}% 84
\BOOKMARK [1][-]{section.Alph4.3}{\376\377\000C\000o\000n\000c\000l\000u\000s\000i\000o\000n\000e\000s}{appendix.Alph4}% 85
\BOOKMARK [2][-]{subsection.Alph4.3.1}{\376\377\000G\000r\000a\000d\000i\000e\000n\000t\000e\000\040\000r\000e\000s\000p\000e\000c\000t\000o\000\040\000a\000\040\000l\000a\000\040\000e\000n\000t\000r\000a\000d\000a\000\040\000d\000e\000\040\000l\000a\000\040\000c\000a\000p\000a}{section.Alph4.3}% 86
\BOOKMARK [2][-]{subsection.Alph4.3.2}{\376\377\000G\000r\000a\000d\000i\000e\000n\000t\000e\000\040\000r\000e\000s\000p\000e\000c\000t\000o\000\040\000a\000\040\000l\000o\000s\000\040\000p\000e\000s\000o\000s}{section.Alph4.3}% 87
\BOOKMARK [2][-]{subsection.Alph4.3.3}{\376\377\000G\000r\000a\000d\000i\000e\000n\000t\000e\000\040\000r\000e\000s\000p\000e\000c\000t\000o\000\040\000a\000\040\000s\000e\000s\000g\000o\000s}{section.Alph4.3}% 88
\BOOKMARK [0][-]{appendix.Alph5}{\376\377\000R\000e\000t\000r\000o\000p\000r\000o\000p\000a\000g\000a\000c\000i\000\363\000n\000\040\000e\000n\000\040\000c\000a\000p\000a\000s\000\040\000c\000o\000n\000v\000o\000l\000u\000c\000i\000o\000n\000a\000l\000e\000s}{}% 89
\BOOKMARK [1][-]{section.Alph5.1}{\376\377\000S\000u\000m\000a\000t\000o\000r\000i\000a\000\040\000d\000e\000\040\000g\000r\000a\000d\000i\000e\000n\000t\000e\000s}{appendix.Alph5}% 90
\BOOKMARK [2][-]{subsection.Alph5.1.1}{\376\377\000G\000r\000a\000d\000i\000e\000n\000t\000e\000\040\000d\000e\000\040\000Y\000c\0001\0001}{section.Alph5.1}% 91
\BOOKMARK [2][-]{subsection.Alph5.1.2}{\376\377\000G\000r\000a\000d\000i\000e\000n\000t\000e\000\040\000d\000e\000\040\000Y\000c\0001\0002}{section.Alph5.1}% 92
\BOOKMARK [2][-]{subsection.Alph5.1.3}{\376\377\000G\000r\000a\000d\000i\000e\000n\000t\000e\000\040\000d\000e\000\040\000Y\000c\0002\0001}{section.Alph5.1}% 93
\BOOKMARK [2][-]{subsection.Alph5.1.4}{\376\377\000G\000r\000a\000d\000i\000e\000n\000t\000e\000\040\000d\000e\000\040\000Y\000c\0002\0002}{section.Alph5.1}% 94
\BOOKMARK [2][-]{subsection.Alph5.1.5}{\376\377\000G\000r\000a\000d\000i\000e\000n\000t\000e\000\040\000r\000e\000s\000p\000e\000c\000t\000o\000\040\000a\000\040\000p\000e\000s\000o\000s\000\040\000c\000o\000m\000o\000\040\000c\000o\000n\000v\000o\000l\000u\000c\000i\000\363\000n}{section.Alph5.1}% 95
\BOOKMARK [2][-]{subsection.Alph5.1.6}{\376\377\000G\000r\000a\000d\000i\000e\000n\000t\000e\000\040\000r\000e\000s\000p\000e\000c\000t\000o\000\040\000a\000\040\000e\000n\000t\000r\000a\000d\000a\000\040\000c\000o\000m\000o\000\040\000c\000o\000n\000v\000o\000l\000u\000c\000i\000\363\000n}{section.Alph5.1}% 96
\BOOKMARK [1][-]{section.Alph5.2}{\376\377\000R\000e\000t\000r\000o\000p\000r\000o\000p\000a\000g\000a\000c\000i\000\363\000n\000\040\000c\000o\000n\000\040\000r\000e\000l\000l\000e\000n\000o}{appendix.Alph5}% 97
\BOOKMARK [2][-]{subsection.Alph5.2.1}{\376\377\000G\000r\000a\000d\000i\000e\000n\000t\000e\000\040\000d\000e\000\040\000Y\000c\0001\0001}{section.Alph5.2}% 98
\BOOKMARK [2][-]{subsection.Alph5.2.2}{\376\377\000G\000r\000a\000d\000i\000e\000n\000t\000e\000\040\000d\000e\000\040\000Y\000c\0001\0002}{section.Alph5.2}% 99
\BOOKMARK [2][-]{subsection.Alph5.2.3}{\376\377\000G\000r\000a\000d\000i\000e\000n\000t\000e\000\040\000d\000e\000\040\000Y\000c\0001\0003}{section.Alph5.2}% 100
\BOOKMARK [2][-]{subsection.Alph5.2.4}{\376\377\000G\000r\000a\000d\000i\000e\000n\000t\000e\000\040\000d\000e\000\040\000Y\000c\0002\0001}{section.Alph5.2}% 101
\BOOKMARK [2][-]{subsection.Alph5.2.5}{\376\377\000G\000r\000a\000d\000i\000e\000n\000t\000e\000\040\000d\000e\000\040\000Y\000c\0002\0002}{section.Alph5.2}% 102
\BOOKMARK [2][-]{subsection.Alph5.2.6}{\376\377\000G\000r\000a\000d\000i\000e\000n\000t\000e\000\040\000d\000e\000\040\000Y\000c\0002\0003}{section.Alph5.2}% 103
\BOOKMARK [2][-]{subsection.Alph5.2.7}{\376\377\000G\000r\000a\000d\000i\000e\000n\000t\000e\000\040\000d\000e\000\040\000Y\000c\0003\0001}{section.Alph5.2}% 104
\BOOKMARK [2][-]{subsection.Alph5.2.8}{\376\377\000G\000r\000a\000d\000i\000e\000n\000t\000e\000\040\000d\000e\000\040\000Y\000c\0003\0002}{section.Alph5.2}% 105
\BOOKMARK [2][-]{subsection.Alph5.2.9}{\376\377\000G\000r\000a\000d\000i\000e\000n\000t\000e\000\040\000d\000e\000\040\000Y\000c\0003\0003}{section.Alph5.2}% 106
\BOOKMARK [2][-]{subsection.Alph5.2.10}{\376\377\000G\000r\000a\000d\000i\000e\000n\000t\000e\000\040\000r\000e\000s\000p\000e\000c\000t\000o\000\040\000a\000\040\000p\000e\000s\000o\000s\000\040\000c\000o\000m\000o\000\040\000c\000o\000n\000v\000o\000l\000u\000c\000i\000\363\000n}{section.Alph5.2}% 107
\BOOKMARK [2][-]{subsection.Alph5.2.11}{\376\377\000G\000r\000a\000d\000i\000e\000n\000t\000e\000\040\000r\000e\000s\000p\000e\000c\000t\000o\000\040\000a\000\040\000e\000n\000t\000r\000a\000d\000a\000\040\000c\000o\000m\000o\000\040\000c\000o\000n\000v\000o\000l\000u\000c\000i\000\363\000n}{section.Alph5.2}% 108
